<?xml version="1.0" encoding="UTF-8"?>
<!-- Generated by org.testng.reporters.JUnitXMLReporter -->
<testsuite ignored="0" hostname="DESKTOP-GCHVIFO" failures="0" tests="5" name="Default test" time="15.385" errors="0" timestamp="14 May 2022 12:59:09 GMT">
  <testcase classname="org.testng.MainClass" name="login" time="9.05"/>
  <testcase classname="org.testng.MainClass" name="createAddress" time="1.763"/>
  <testcase classname="org.testng.MainClass" name="updateAddress" time="1.375"/>
  <testcase classname="org.testng.MainClass" name="getAddress" time="1.733"/>
  <testcase classname="org.testng.MainClass" name="deleteAddress" time="1.292"/>
</testsuite> <!-- Default test -->
