<?xml version="1.0" encoding="UTF-8"?>
<testng-results ignored="0" total="5" passed="5" failed="0" skipped="0">
  <reporter-output>
  </reporter-output>
  <suite started-at="2022-05-14T12:58:54Z" name="Default suite" finished-at="2022-05-14T12:59:09Z" duration-ms="15385">
    <groups>
    </groups>
    <test started-at="2022-05-14T12:58:54Z" name="Default test" finished-at="2022-05-14T12:59:09Z" duration-ms="15385">
      <class name="org.testng.MainClass">
        <test-method signature="login()[pri:1, instance:org.testng.MainClass@75db5df9]" started-at="2022-05-14T12:58:54Z" name="login" finished-at="2022-05-14T12:59:03Z" duration-ms="9050" status="PASS">
          <reporter-output>
          </reporter-output>
        </test-method> <!-- login -->
        <test-method signature="createAddress()[pri:2, instance:org.testng.MainClass@75db5df9]" started-at="2022-05-14T12:59:03Z" name="createAddress" finished-at="2022-05-14T12:59:05Z" duration-ms="1763" status="PASS">
          <reporter-output>
          </reporter-output>
        </test-method> <!-- createAddress -->
        <test-method signature="updateAddress()[pri:3, instance:org.testng.MainClass@75db5df9]" started-at="2022-05-14T12:59:05Z" name="updateAddress" finished-at="2022-05-14T12:59:06Z" duration-ms="1375" status="PASS">
          <reporter-output>
          </reporter-output>
        </test-method> <!-- updateAddress -->
        <test-method signature="getAddress()[pri:4, instance:org.testng.MainClass@75db5df9]" started-at="2022-05-14T12:59:06Z" name="getAddress" finished-at="2022-05-14T12:59:08Z" duration-ms="1733" status="PASS">
          <reporter-output>
          </reporter-output>
        </test-method> <!-- getAddress -->
        <test-method signature="deleteAddress()[pri:5, instance:org.testng.MainClass@75db5df9]" started-at="2022-05-14T12:59:08Z" name="deleteAddress" finished-at="2022-05-14T12:59:09Z" duration-ms="1292" status="PASS">
          <reporter-output>
          </reporter-output>
        </test-method> <!-- deleteAddress -->
      </class> <!-- org.testng.MainClass -->
    </test> <!-- Default test -->
  </suite> <!-- Default suite -->
</testng-results>
